INFO [acme.Launcher] Starting Launcher using Java 1.8.0_281 on LAPTOP-JGONBC4T with PID 10888 (C:\Users\petak\git\Acme-Work-Plans-D03\target\classes started by petak in C:\Users\petak\git\Acme-Work-Plans-D03)
INFO [acme.Launcher] The following profiles are active: development,populator
INFO [acme.Launcher] Starting Launcher using Java 1.8.0_281 on LAPTOP-JGONBC4T with PID 8096 (C:\Users\petak\git\Acme-Work-Plans-D03\target\classes started by petak in C:\Users\petak\git\Acme-Work-Plans-D03)
INFO [acme.Launcher] The following profiles are active: development,populator
INFO [acme.Launcher] Started Launcher in 12.342 seconds (JVM running for 13.405)
INFO [acme.framework.utilities.DatabasePopulator] Populating sample data
INFO [acme.framework.utilities.DatabasePopulator] Recreating schema
INFO [acme.framework.utilities.DatabasePopulator] Populating entities from classpath:/WEB-INF/population/initial-data.xml
INFO [acme.framework.utilities.DatabasePopulator] Validating your entities.
INFO [acme.framework.utilities.DatabasePopulator] Validating anonymousUserAccount ... PASS
INFO [acme.framework.utilities.DatabasePopulator] Validating anonymousAnonymous ... PASS
INFO [acme.framework.utilities.DatabasePopulator] Validating administratorUserAccount ... PASS
INFO [acme.framework.utilities.DatabasePopulator] Validating administratorAdministrator ... PASS
INFO [acme.framework.utilities.DatabasePopulator] Validating administratorAuthenticated ... PASS
INFO [acme.framework.utilities.DatabasePopulator] Validating CustomParam ... PASS
INFO [acme.framework.utilities.DatabasePopulator] Sorting your entities topologically.
INFO [acme.framework.utilities.DatabasePopulator] > Setting index 0 for anonymousUserAccount.
INFO [acme.framework.utilities.DatabasePopulator] > Setting index 1 for anonymousAnonymous.
INFO [acme.framework.utilities.DatabasePopulator] > Setting index 2 for administratorUserAccount.
INFO [acme.framework.utilities.DatabasePopulator] > Setting index 3 for administratorAdministrator.
INFO [acme.framework.utilities.DatabasePopulator] > Setting index 4 for administratorAuthenticated.
INFO [acme.framework.utilities.DatabasePopulator] > Setting index 5 for CustomParam.
INFO [acme.framework.utilities.DatabasePopulator] Persiting your entities.
INFO [acme.framework.utilities.DatabasePopulator] > Persisting anonymousUserAccount = acme.framework.entities.UserAccount{id=1, version=0}
INFO [acme.framework.utilities.DatabasePopulator] > Persisting anonymousAnonymous = acme.framework.entities.Anonymous{id=2, version=0}
INFO [acme.framework.utilities.DatabasePopulator] > Persisting administratorUserAccount = acme.framework.entities.UserAccount{id=3, version=0}
INFO [acme.framework.utilities.DatabasePopulator] > Persisting administratorAdministrator = acme.framework.entities.Administrator{id=4, version=0}
INFO [acme.framework.utilities.DatabasePopulator] > Persisting administratorAuthenticated = acme.framework.entities.Authenticated{id=5, version=0}
INFO [acme.framework.utilities.DatabasePopulator] > Persisting CustomParam = acme.framework.entities.CustomisationParameter{id=6, version=0}
INFO [acme.framework.utilities.DatabasePopulator] Populating entities from classpath:/WEB-INF/population/sample-data.xml
INFO [acme.framework.utilities.DatabasePopulator] Validating your entities.
INFO [acme.framework.utilities.DatabasePopulator] Validating manager01UserAccount ... PASS
INFO [acme.framework.utilities.DatabasePopulator] Validating manager01Manager ... PASS
INFO [acme.framework.utilities.DatabasePopulator] Validating manager01Authenticated ... PASS
INFO [acme.framework.utilities.DatabasePopulator] Validating manager02UserAccount ... PASS
INFO [acme.framework.utilities.DatabasePopulator] Validating manager02Manager ... PASS
INFO [acme.framework.utilities.DatabasePopulator] Validating manager02Authenticated ... PASS
INFO [acme.framework.utilities.DatabasePopulator] Validating task01 ... PASS
INFO [acme.framework.utilities.DatabasePopulator] Validating task02 ... PASS
INFO [acme.framework.utilities.DatabasePopulator] Validating task03 ... PASS
INFO [acme.framework.utilities.DatabasePopulator] Validating task04 ... PASS
INFO [acme.framework.utilities.DatabasePopulator] Validating task05 ... PASS
INFO [acme.framework.utilities.DatabasePopulator] Validating task06 ... PASS
INFO [acme.framework.utilities.DatabasePopulator] Validating task07 ... PASS
INFO [acme.framework.utilities.DatabasePopulator] Validating task08 ... PASS
INFO [acme.framework.utilities.DatabasePopulator] Validating task09 ... PASS
INFO [acme.framework.utilities.DatabasePopulator] Validating task10 ... PASS
INFO [acme.framework.utilities.DatabasePopulator] Validating task11 ... PASS
INFO [acme.framework.utilities.DatabasePopulator] Validating task12 ... PASS
INFO [acme.framework.utilities.DatabasePopulator] Validating task13 ... PASS
INFO [acme.framework.utilities.DatabasePopulator] Validating task14 ... PASS
INFO [acme.framework.utilities.DatabasePopulator] Validating task15 ... PASS
INFO [acme.framework.utilities.DatabasePopulator] Validating task16 ... PASS
INFO [acme.framework.utilities.DatabasePopulator] Validating task17 ... PASS
INFO [acme.framework.utilities.DatabasePopulator] Validating task18 ... PASS
INFO [acme.framework.utilities.DatabasePopulator] Validating shout01 ... PASS
INFO [acme.framework.utilities.DatabasePopulator] Validating shout02 ... PASS
INFO [acme.framework.utilities.DatabasePopulator] Validating shout03 ... PASS
INFO [acme.framework.utilities.DatabasePopulator] Validating shout04 ... PASS
INFO [acme.framework.utilities.DatabasePopulator] Validating shout05 ... PASS
INFO [acme.framework.utilities.DatabasePopulator] Validating shout06 ... PASS
INFO [acme.framework.utilities.DatabasePopulator] Validating shout07 ... PASS
INFO [acme.framework.utilities.DatabasePopulator] Validating shout08 ... PASS
INFO [acme.framework.utilities.DatabasePopulator] Validating shout09 ... PASS
INFO [acme.framework.utilities.DatabasePopulator] Sorting your entities topologically.
INFO [acme.framework.utilities.DatabasePopulator] > Setting index 0 for manager01UserAccount.
INFO [acme.framework.utilities.DatabasePopulator] > Setting index 1 for manager01Manager.
INFO [acme.framework.utilities.DatabasePopulator] > Setting index 2 for manager01Authenticated.
INFO [acme.framework.utilities.DatabasePopulator] > Setting index 3 for manager02UserAccount.
INFO [acme.framework.utilities.DatabasePopulator] > Setting index 4 for manager02Manager.
INFO [acme.framework.utilities.DatabasePopulator] > Setting index 5 for manager02Authenticated.
INFO [acme.framework.utilities.DatabasePopulator] > Setting index 6 for task01.
INFO [acme.framework.utilities.DatabasePopulator] > Setting index 7 for task02.
INFO [acme.framework.utilities.DatabasePopulator] > Setting index 8 for task03.
INFO [acme.framework.utilities.DatabasePopulator] > Setting index 9 for task04.
INFO [acme.framework.utilities.DatabasePopulator] > Setting index 10 for task05.
INFO [acme.framework.utilities.DatabasePopulator] > Setting index 11 for task06.
INFO [acme.framework.utilities.DatabasePopulator] > Setting index 12 for task07.
INFO [acme.framework.utilities.DatabasePopulator] > Setting index 13 for task08.
INFO [acme.framework.utilities.DatabasePopulator] > Setting index 14 for task09.
INFO [acme.framework.utilities.DatabasePopulator] > Setting index 15 for task10.
INFO [acme.framework.utilities.DatabasePopulator] > Setting index 16 for task11.
INFO [acme.framework.utilities.DatabasePopulator] > Setting index 17 for task12.
INFO [acme.framework.utilities.DatabasePopulator] > Setting index 18 for task13.
INFO [acme.framework.utilities.DatabasePopulator] > Setting index 19 for task14.
INFO [acme.framework.utilities.DatabasePopulator] > Setting index 20 for task15.
INFO [acme.framework.utilities.DatabasePopulator] > Setting index 21 for task16.
INFO [acme.framework.utilities.DatabasePopulator] > Setting index 22 for task17.
INFO [acme.framework.utilities.DatabasePopulator] > Setting index 23 for task18.
INFO [acme.framework.utilities.DatabasePopulator] > Setting index 24 for shout01.
INFO [acme.framework.utilities.DatabasePopulator] > Setting index 25 for shout02.
INFO [acme.framework.utilities.DatabasePopulator] > Setting index 26 for shout03.
INFO [acme.framework.utilities.DatabasePopulator] > Setting index 27 for shout04.
INFO [acme.framework.utilities.DatabasePopulator] > Setting index 28 for shout05.
INFO [acme.framework.utilities.DatabasePopulator] > Setting index 29 for shout06.
INFO [acme.framework.utilities.DatabasePopulator] > Setting index 30 for shout07.
INFO [acme.framework.utilities.DatabasePopulator] > Setting index 31 for shout08.
INFO [acme.framework.utilities.DatabasePopulator] > Setting index 32 for shout09.
INFO [acme.framework.utilities.DatabasePopulator] Persiting your entities.
INFO [acme.framework.utilities.DatabasePopulator] > Persisting manager01UserAccount = acme.framework.entities.UserAccount{id=7, version=0}
INFO [acme.framework.utilities.DatabasePopulator] > Persisting manager01Manager = acme.framework.entities.Manager{id=8, version=0}
INFO [acme.framework.utilities.DatabasePopulator] > Persisting manager01Authenticated = acme.framework.entities.Authenticated{id=9, version=0}
INFO [acme.framework.utilities.DatabasePopulator] > Persisting manager02UserAccount = acme.framework.entities.UserAccount{id=10, version=0}
INFO [acme.framework.utilities.DatabasePopulator] > Persisting manager02Manager = acme.framework.entities.Manager{id=11, version=0}
INFO [acme.framework.utilities.DatabasePopulator] > Persisting manager02Authenticated = acme.framework.entities.Authenticated{id=12, version=0}
INFO [acme.framework.utilities.DatabasePopulator] > Persisting task01 = acme.framework.entities.Task{id=13, version=0}
INFO [acme.framework.utilities.DatabasePopulator] > Persisting task02 = acme.framework.entities.Task{id=14, version=0}
INFO [acme.framework.utilities.DatabasePopulator] > Persisting task03 = acme.framework.entities.Task{id=15, version=0}
INFO [acme.framework.utilities.DatabasePopulator] > Persisting task04 = acme.framework.entities.Task{id=16, version=0}
INFO [acme.framework.utilities.DatabasePopulator] > Persisting task05 = acme.framework.entities.Task{id=17, version=0}
INFO [acme.framework.utilities.DatabasePopulator] > Persisting task06 = acme.framework.entities.Task{id=18, version=0}
INFO [acme.framework.utilities.DatabasePopulator] > Persisting task07 = acme.framework.entities.Task{id=19, version=0}
INFO [acme.framework.utilities.DatabasePopulator] > Persisting task08 = acme.framework.entities.Task{id=20, version=0}
INFO [acme.framework.utilities.DatabasePopulator] > Persisting task09 = acme.framework.entities.Task{id=21, version=0}
INFO [acme.framework.utilities.DatabasePopulator] > Persisting task10 = acme.framework.entities.Task{id=22, version=0}
INFO [acme.framework.utilities.DatabasePopulator] > Persisting task11 = acme.framework.entities.Task{id=23, version=0}
INFO [acme.framework.utilities.DatabasePopulator] > Persisting task12 = acme.framework.entities.Task{id=24, version=0}
INFO [acme.framework.utilities.DatabasePopulator] > Persisting task13 = acme.framework.entities.Task{id=25, version=0}
INFO [acme.framework.utilities.DatabasePopulator] > Persisting task14 = acme.framework.entities.Task{id=26, version=0}
INFO [acme.framework.utilities.DatabasePopulator] > Persisting task15 = acme.framework.entities.Task{id=27, version=0}
INFO [acme.framework.utilities.DatabasePopulator] > Persisting task16 = acme.framework.entities.Task{id=28, version=0}
INFO [acme.framework.utilities.DatabasePopulator] > Persisting task17 = acme.framework.entities.Task{id=29, version=0}
INFO [acme.framework.utilities.DatabasePopulator] > Persisting task18 = acme.framework.entities.Task{id=30, version=0}
INFO [acme.framework.utilities.DatabasePopulator] > Persisting shout01 = acme.framework.entities.Shout{id=31, version=0}
INFO [acme.framework.utilities.DatabasePopulator] > Persisting shout02 = acme.framework.entities.Shout{id=32, version=0}
INFO [acme.framework.utilities.DatabasePopulator] > Persisting shout03 = acme.framework.entities.Shout{id=33, version=0}
INFO [acme.framework.utilities.DatabasePopulator] > Persisting shout04 = acme.framework.entities.Shout{id=34, version=0}
INFO [acme.framework.utilities.DatabasePopulator] > Persisting shout05 = acme.framework.entities.Shout{id=35, version=0}
INFO [acme.framework.utilities.DatabasePopulator] > Persisting shout06 = acme.framework.entities.Shout{id=36, version=0}
INFO [acme.framework.utilities.DatabasePopulator] > Persisting shout07 = acme.framework.entities.Shout{id=37, version=0}
INFO [acme.framework.utilities.DatabasePopulator] > Persisting shout08 = acme.framework.entities.Shout{id=38, version=0}
INFO [acme.framework.utilities.DatabasePopulator] > Persisting shout09 = acme.framework.entities.Shout{id=39, version=0}
INFO [acme.framework.configuration.ShutdownConfiguration] The system is shutting down...
